Command line:
   bintobcs_tb_isim_beh.exe
     -simmode  gui
     -simrunnum  0
     -socket  62789

Wed Apr 14 18:36:30 2021


 Elaboration Time: 0.03125 sec

 Current Memory Usage: 5150.58 Meg

 Total Signals          : 41
 Total Nets             : 247
 Total Signal Drivers   : 28
 Total Blocks           : 10
 Total Primitive Blocks : 8
 Total Processes        : 37
 Total Traceable Variables  : 26
 Total Scalar Nets and Variables : 363
Total Line Count : 72

 Total Simulation Time: 0.078125 sec

 Current Memory Usage: 4678.73 Meg

Wed Apr 14 18:53:06 2021

