Command line:
   power_tb_isim_beh.exe
     -simmode  gui
     -simrunnum  0
     -socket  60988

Wed Apr 21 21:22:21 2021


 Elaboration Time: 0.03125 sec

 Current Memory Usage: 5149.97 Meg

 Total Signals          : 19
 Total Nets             : 31
 Total Signal Drivers   : 11
 Total Blocks           : 3
 Total Primitive Blocks : 2
 Total Processes        : 16
 Total Traceable Variables  : 23
 Total Scalar Nets and Variables : 135
Total Line Count : 52

 Total Simulation Time: 0.046875 sec

 Current Memory Usage: 4992.68 Meg

Wed Apr 21 21:23:53 2021

