Command line:
   binary_to_BCD_converter_isim_beh.exe
     -simmode  gui
     -simrunnum  0
     -socket  62785

Wed Apr 14 18:35:35 2021


 Elaboration Time: 0.03125 sec

 Current Memory Usage: 5150.56 Meg

 Total Signals          : 38
 Total Nets             : 247
 Total Signal Drivers   : 27
 Total Blocks           : 9
 Total Primitive Blocks : 8
 Total Processes        : 35
 Total Traceable Variables  : 25
 Total Scalar Nets and Variables : 355
Total Line Count : 66

 Total Simulation Time: 0.078125 sec

 Current Memory Usage: 5465.13 Meg

Wed Apr 14 18:36:19 2021

