Command line:
   division_tb_isim_beh.exe
     -simmode  gui
     -simrunnum  0
     -socket  52068

Thu Apr 15 08:51:42 2021


 Elaboration Time: 0.03125 sec

 Current Memory Usage: 5149.99 Meg

 Total Signals          : 20
 Total Nets             : 38
 Total Signal Drivers   : 10
 Total Blocks           : 3
 Total Primitive Blocks : 2
 Total Processes        : 14
 Total Traceable Variables  : 25
 Total Scalar Nets and Variables : 175
Total Line Count : 43

 Total Simulation Time: 0.703125 sec

 Current Memory Usage: 4992.7 Meg

Thu Apr 15 08:53:34 2021

