#-----------------------------------------------------------
# PlanAhead v14.7 (64-bit)
# Build 321239 by xbuild on Fri Sep 27 19:29:51 MDT 2013
# Start of session at: Sat Mar 06 12:04:11 2021
# Process ID: 12684
# Log file: C:/Users/User/Documents/CalculatorProject/Calculator/planAhead_run_3/planAhead.log
# Journal file: C:/Users/User/Documents/CalculatorProject/Calculator/planAhead_run_3/planAhead.jou
#-----------------------------------------------------------
INFO: [Common 17-78] Attempting to get a license: PlanAhead
INFO: [Common 17-290] Got license for PlanAhead
INFO: [Device 21-36] Loading parts and site information from C:/Xilinx/14.7/ISE_DS/PlanAhead/data/parts/arch.xml
Parsing RTL primitives file [C:/Xilinx/14.7/ISE_DS/PlanAhead/data/parts/xilinx/rtl/prims/rtl_prims.xml]
Finished parsing RTL primitives file [C:/Xilinx/14.7/ISE_DS/PlanAhead/data/parts/xilinx/rtl/prims/rtl_prims.xml]
start_gui
source C:/Users/User/Documents/CalculatorProject/Calculator/pa.fromNetlist.tcl
# create_project -name Calculator -dir "C:/Users/User/Documents/CalculatorProject/Calculator/planAhead_run_3" -part xc3s100ecp132-5
# set_property design_mode GateLvl [get_property srcset [current_run -impl]]
# set_property edif_top_file "C:/Users/User/Documents/CalculatorProject/Calculator/Calculator.ngc" [ get_property srcset [ current_run ] ]
# add_files -norecurse { {C:/Users/User/Documents/CalculatorProject/Calculator} }
# set_property target_constrs_file "Calculator.ucf" [current_fileset -constrset]
Adding file 'C:/Users/User/Documents/CalculatorProject/Calculator/Calculator.ucf' to fileset 'constrs_1'
# add_files [list {Calculator.ucf}] -fileset [get_property constrset [current_run]]
# link_design
Design is defaulting to srcset: sources_1
Design is defaulting to constrset: constrs_1
Design is defaulting to project part: xc3s100ecp132-5
Release 14.7 - ngc2edif P.20131013 (nt64)
Copyright (c) 1995-2013 Xilinx, Inc.  All rights reserved.
Reading design Calculator.ngc ...
WARNING:NetListWriters:298 - No output is written to Calculator.xncf, ignored.
Processing design ...
   Preping design's networks ...
   Preping design's macros ...
  finished :Prep
Writing EDIF netlist file Calculator.edif ...
ngc2edif: Total memory usage is 4309984 kilobytes

Parsing EDIF File [./planAhead_run_3/Calculator.data/cache/Calculator_ngc_zx.edif]
Finished Parsing EDIF File [./planAhead_run_3/Calculator.data/cache/Calculator_ngc_zx.edif]
INFO: [Designutils 20-910] Reading macro library C:/Xilinx/14.7/ISE_DS/PlanAhead/data\./parts/xilinx/spartan3e/spartan3e/hd_int_macros.edn
Parsing EDIF File [C:/Xilinx/14.7/ISE_DS/PlanAhead/data\./parts/xilinx/spartan3e/spartan3e/hd_int_macros.edn]
Finished Parsing EDIF File [C:/Xilinx/14.7/ISE_DS/PlanAhead/data\./parts/xilinx/spartan3e/spartan3e/hd_int_macros.edn]
Loading clock regions from C:/Xilinx/14.7/ISE_DS/PlanAhead/data\parts/xilinx/spartan3e/spartan3e/xc3s100e/ClockRegion.xml
Loading clock buffers from C:/Xilinx/14.7/ISE_DS/PlanAhead/data\parts/xilinx/spartan3e/spartan3e/xc3s100e/ClockBuffers.xml
Loading package from C:/Xilinx/14.7/ISE_DS/PlanAhead/data\parts/xilinx/spartan3e/spartan3e/xc3s100e/cp132/Package.xml
Loading io standards from C:/Xilinx/14.7/ISE_DS/PlanAhead/data\./parts/xilinx/spartan3e/IOStandards.xml
INFO: [Device 21-19] Loading pkg sso from C:/Xilinx/14.7/ISE_DS/PlanAhead/data\parts/xilinx/spartan3e/spartan3e/xc3s100e/cp132/SSORules.xml
Loading list of drcs for the architecture : C:/Xilinx/14.7/ISE_DS/PlanAhead/data\./parts/xilinx/spartan3e/spartan3e/drc.xml
INFO: [Timing 38-77] Reading timing library C:/Xilinx/14.7/ISE_DS/PlanAhead/data\parts/xilinx/spartan3e/spartan3e/spartan3e-5.lib.
INFO: [Timing 38-34] Done reading timing library C:/Xilinx/14.7/ISE_DS/PlanAhead/data\parts/xilinx/spartan3e/spartan3e/spartan3e-5.lib.
Parsing UCF File [C:/Users/User/Documents/CalculatorProject/Calculator/Calculator.ucf]
Finished Parsing UCF File [C:/Users/User/Documents/CalculatorProject/Calculator/Calculator.ucf]
INFO: [Project 1-111] Unisim Transformation Summary:
No Unisim elements were transformed.

Phase 0 | Netlist Checksum: 895956d7
link_design: Time (s): elapsed = 00:00:06 . Memory (MB): peak = 552.270 ; gain = 122.996
startgroup
set_property package_pin M5 [get_ports {led[0]}]
endgroup
startgroup
set_property package_pin M11 [get_ports {led[1]}]
endgroup
startgroup
set_property package_pin P7 [get_ports {led[2]}]
endgroup
startgroup
set_property package_pin P6 [get_ports {led[3]}]
endgroup
startgroup
set_property package_pin N5 [get_ports {led[4]}]
endgroup
startgroup
set_property package_pin N4 [get_ports {led[5]}]
endgroup
startgroup
set_property package_pin P4 [get_ports {led[6]}]
endgroup
save_constraints
startgroup
set_property package_pin G1 [get_ports {led[7]}]
endgroup
set_property is_loc_fixed false [get_ports [list  {led[4]}]]
set_property is_loc_fixed true [get_ports [list  {led[4]}]]
save_constraints
exit
ERROR: [PlanAhead 12-106] *** Exception: ui.h.b: Found deleted key in HTclEventBroker. Verify if the classes listed here call cleanup()
HTclEvent: DEBUG_CORE_CONFIG_CHANGE   Classes: ui.views.aR 
HTclEvent: DEBUG_PORT_CONFIG_CHANGE   Classes: ui.views.aR 
HTclEvent: SIGNAL_BUS_MODIFY   Classes: ui.views.aR 
HTclEvent: SIGNAL_MODIFY   Classes: ui.views.aR 
 (See C:/Users/User/Documents/CalculatorProject/Calculator\planAhead_pid12684.debug)
ERROR: [Common 17-39] 'stop_gui' failed due to earlier errors.
INFO: [Common 17-206] Exiting PlanAhead at Sat Mar 06 12:07:18 2021...
INFO: [Common 17-83] Releasing license: PlanAhead
