Command line:
   Multiplication_isim_beh.exe
     -simmode  gui
     -simrunnum  0
     -socket  59005

Sat Apr 17 11:04:33 2021


 Elaboration Time: 0.01 sec

 Current Memory Usage: 184.218 Meg

 Total Signals          : 16
 Total Nets             : 30
 Total Signal Drivers   : 6
 Total Blocks           : 2
 Total Primitive Blocks : 2
 Total Processes        : 8
 Total Traceable Variables  : 22
 Total Scalar Nets and Variables : 158
Total Line Count : 22

 Total Simulation Time: 0.02 sec

 Current Memory Usage: 259.719 Meg

Sat Apr 17 11:04:45 2021

