Command line:
   twobit_counter_tb_isim_beh.exe
     -simmode  gui
     -simrunnum  0
     -socket  61615

Wed Apr 14 15:07:15 2021


 Elaboration Time: 0.015625 sec

 Current Memory Usage: 5149.97 Meg

 Total Signals          : 16
 Total Nets             : 16
 Total Signal Drivers   : 7
 Total Blocks           : 3
 Total Primitive Blocks : 2
 Total Processes        : 11
 Total Traceable Variables  : 20
 Total Scalar Nets and Variables : 99
Total Line Count : 23

 Total Simulation Time: 0.03125 sec

 Current Memory Usage: 5149.97 Meg

Wed Apr 14 15:07:17 2021

