Command line:
   binarytobcd_tb_isim_beh.exe
     -simmode  gui
     -simrunnum  0
     -socket  61964

Wed Apr 14 15:57:43 2021


 Elaboration Time: 0.03125 sec

 Current Memory Usage: 5150.01 Meg

 Total Signals          : 31
 Total Nets             : 139
 Total Signal Drivers   : 26
 Total Blocks           : 7
 Total Primitive Blocks : 5
 Total Processes        : 35
 Total Traceable Variables  : 30
 Total Scalar Nets and Variables : 271
Total Line Count : 69

 Total Simulation Time: 0.046875 sec

 Current Memory Usage: 4992.72 Meg

Wed Apr 14 15:59:05 2021

