Command line:
   Division_isim_beh.exe
     -simmode  gui
     -simrunnum  0
     -socket  45423

Sat Apr 17 11:03:16 2021


 Elaboration Time: 0.01 sec

 Current Memory Usage: 184.218 Meg

 Total Signals          : 16
 Total Nets             : 38
 Total Signal Drivers   : 7
 Total Blocks           : 2
 Total Primitive Blocks : 2
 Total Processes        : 9
 Total Traceable Variables  : 24
 Total Scalar Nets and Variables : 178
Total Line Count : 31

 Total Simulation Time: 0.03 sec

 Current Memory Usage: 259.719 Meg

Sat Apr 17 11:03:30 2021

