Command line:
   simplederivative_tb_isim_beh.exe
     -simmode  gui
     -simrunnum  0
     -socket  52742

Sat Apr 24 13:01:29 2021


 Elaboration Time: 0.03125 sec

 Current Memory Usage: 5149.95 Meg

 Total Signals          : 19
 Total Nets             : 37
 Total Signal Drivers   : 9
 Total Blocks           : 3
 Total Primitive Blocks : 2
 Total Processes        : 12
 Total Traceable Variables  : 22
 Total Scalar Nets and Variables : 141
Total Line Count : 41

 Total Simulation Time: 0.046875 sec

 Current Memory Usage: 5149.95 Meg

Sat Apr 24 13:01:35 2021

