--------------------------------------------------------------------------------
Release 14.7 Trace  (nt64)
Copyright (c) 1995-2013 Xilinx, Inc.  All rights reserved.

C:\Xilinx\14.7\ISE_DS\ISE\bin\nt64\unwrapped\trce.exe -intstyle ise -v 3 -s 5
-n 3 -fastpaths -xml Calculator.twx Calculator.ncd -o Calculator.twr
Calculator.pcf -ucf Calculator.ucf

Design file:              Calculator.ncd
Physical constraint file: Calculator.pcf
Device,package,speed:     xc3s100e,cp132,-5 (PRODUCTION 1.27 2013-10-13)
Report level:             verbose report

Environment Variable      Effect 
--------------------      ------ 
NONE                      No environment variables were set
--------------------------------------------------------------------------------

INFO:Timing:2698 - No timing constraints found, doing default enumeration.
INFO:Timing:3412 - To improve timing, see the Timing Closure User Guide (UG612).
INFO:Timing:2752 - To get complete path coverage, use the unconstrained paths 
   option. All paths that are not constrained will be reported in the 
   unconstrained paths section(s) of the report.
INFO:Timing:3339 - The clock-to-out numbers in this timing report are based on 
   a 50 Ohm transmission line loading model.  For the details of this model, 
   and for more information on accounting for different loading conditions, 
   please see the device datasheet.
INFO:Timing:3390 - This architecture does not support a default System Jitter 
   value, please add SYSTEM_JITTER constraint to the UCF to modify the Clock 
   Uncertainty calculation.
INFO:Timing:3389 - This architecture does not support 'Discrete Jitter' and 
   'Phase Error' calculations, these terms will be zero in the Clock 
   Uncertainty calculation.  Please make appropriate modification to 
   SYSTEM_JITTER to account for the unsupported Discrete Jitter and Phase 
   Error.



Data Sheet report:
-----------------
All values displayed in nanoseconds (ns)

Setup/Hold to clock clk
------------+------------+------------+------------------+--------+
            |Max Setup to|Max Hold to |                  | Clock  |
Source      | clk (edge) | clk (edge) |Internal Clock(s) | Phase  |
------------+------------+------------+------------------+--------+
sw<0>       |   10.328(R)|   -0.432(R)|clk_BUFGP         |   0.000|
sw<1>       |   10.467(R)|    0.016(R)|clk_BUFGP         |   0.000|
sw<2>       |    8.537(R)|    0.209(R)|clk_BUFGP         |   0.000|
sw<3>       |    8.660(R)|   -0.032(R)|clk_BUFGP         |   0.000|
sw<4>       |    2.432(R)|   -0.828(R)|clk_BUFGP         |   0.000|
sw<5>       |    4.793(R)|   -0.335(R)|clk_BUFGP         |   0.000|
sw<6>       |    7.271(R)|   -0.638(R)|clk_BUFGP         |   0.000|
sw<7>       |   10.192(R)|   -0.324(R)|clk_BUFGP         |   0.000|
------------+------------+------------+------------------+--------+

Clock clk to Pad
------------+------------+------------------+--------+
            | clk (edge) |                  | Clock  |
Destination |   to PAD   |Internal Clock(s) | Phase  |
------------+------------+------------------+--------+
led<0>      |    9.015(R)|clk_BUFGP         |   0.000|
led<1>      |   10.420(R)|clk_BUFGP         |   0.000|
led<2>      |   10.228(R)|clk_BUFGP         |   0.000|
led<3>      |    9.573(R)|clk_BUFGP         |   0.000|
led<4>      |    9.315(R)|clk_BUFGP         |   0.000|
led<5>      |    9.321(R)|clk_BUFGP         |   0.000|
led<6>      |   10.601(R)|clk_BUFGP         |   0.000|
led<7>      |    9.772(R)|clk_BUFGP         |   0.000|
segment<0>  |   20.127(R)|clk_BUFGP         |   0.000|
segment<1>  |   19.476(R)|clk_BUFGP         |   0.000|
segment<2>  |   20.455(R)|clk_BUFGP         |   0.000|
segment<3>  |   20.253(R)|clk_BUFGP         |   0.000|
segment<4>  |   20.051(R)|clk_BUFGP         |   0.000|
segment<5>  |   20.063(R)|clk_BUFGP         |   0.000|
segment<6>  |   19.764(R)|clk_BUFGP         |   0.000|
------------+------------+------------------+--------+

Clock to Setup on destination clock clk
---------------+---------+---------+---------+---------+
               | Src:Rise| Src:Fall| Src:Rise| Src:Fall|
Source Clock   |Dest:Rise|Dest:Rise|Dest:Fall|Dest:Fall|
---------------+---------+---------+---------+---------+
clk            |    4.164|         |         |         |
---------------+---------+---------+---------+---------+

Pad to Pad
---------------+---------------+---------+
Source Pad     |Destination Pad|  Delay  |
---------------+---------------+---------+
btn<0>         |led<0>         |    7.747|
btn<0>         |led<1>         |    9.321|
btn<0>         |led<2>         |    9.378|
btn<0>         |led<3>         |    9.043|
btn<0>         |led<4>         |    9.615|
btn<0>         |led<5>         |    8.423|
btn<0>         |led<6>         |    9.491|
btn<0>         |led<7>         |    8.662|
btn<0>         |segment<0>     |   19.568|
btn<0>         |segment<1>     |   18.917|
btn<0>         |segment<2>     |   19.896|
btn<0>         |segment<3>     |   19.694|
btn<0>         |segment<4>     |   19.492|
btn<0>         |segment<5>     |   19.504|
btn<0>         |segment<6>     |   19.205|
btn<1>         |led<0>         |    8.015|
btn<1>         |led<1>         |   10.248|
btn<1>         |led<2>         |    9.111|
btn<1>         |led<3>         |    7.069|
btn<1>         |led<4>         |   10.200|
btn<1>         |led<5>         |    9.008|
btn<1>         |led<6>         |    9.806|
btn<1>         |led<7>         |    9.158|
btn<1>         |segment<0>     |   20.153|
btn<1>         |segment<1>     |   19.502|
btn<1>         |segment<2>     |   20.481|
btn<1>         |segment<3>     |   20.279|
btn<1>         |segment<4>     |   20.077|
btn<1>         |segment<5>     |   20.089|
btn<1>         |segment<6>     |   19.790|
sw<0>          |led<0>         |   13.458|
sw<0>          |led<1>         |   15.254|
sw<0>          |led<2>         |   14.196|
sw<0>          |led<3>         |   13.718|
sw<0>          |led<4>         |   13.124|
sw<0>          |led<5>         |   12.777|
sw<0>          |led<6>         |   13.594|
sw<0>          |led<7>         |   13.226|
sw<0>          |segment<0>     |   23.564|
sw<0>          |segment<1>     |   22.913|
sw<0>          |segment<2>     |   23.892|
sw<0>          |segment<3>     |   23.690|
sw<0>          |segment<4>     |   23.488|
sw<0>          |segment<5>     |   23.500|
sw<0>          |segment<6>     |   23.201|
sw<1>          |led<1>         |   14.492|
sw<1>          |led<2>         |   13.434|
sw<1>          |led<3>         |   12.956|
sw<1>          |led<4>         |   12.362|
sw<1>          |led<5>         |   12.015|
sw<1>          |led<6>         |   12.832|
sw<1>          |led<7>         |   12.464|
sw<1>          |segment<0>     |   22.802|
sw<1>          |segment<1>     |   22.151|
sw<1>          |segment<2>     |   23.130|
sw<1>          |segment<3>     |   22.928|
sw<1>          |segment<4>     |   22.726|
sw<1>          |segment<5>     |   22.738|
sw<1>          |segment<6>     |   22.439|
sw<2>          |led<2>         |   13.081|
sw<2>          |led<3>         |   12.603|
sw<2>          |led<4>         |   12.009|
sw<2>          |led<5>         |   11.662|
sw<2>          |led<6>         |   12.479|
sw<2>          |led<7>         |   12.111|
sw<2>          |segment<0>     |   22.449|
sw<2>          |segment<1>     |   21.798|
sw<2>          |segment<2>     |   22.777|
sw<2>          |segment<3>     |   22.575|
sw<2>          |segment<4>     |   22.373|
sw<2>          |segment<5>     |   22.385|
sw<2>          |segment<6>     |   22.086|
sw<3>          |led<3>         |   12.422|
sw<3>          |led<4>         |   11.828|
sw<3>          |led<5>         |   11.481|
sw<3>          |led<6>         |   12.298|
sw<3>          |led<7>         |   11.930|
sw<3>          |segment<0>     |   22.268|
sw<3>          |segment<1>     |   21.617|
sw<3>          |segment<2>     |   22.596|
sw<3>          |segment<3>     |   22.394|
sw<3>          |segment<4>     |   22.192|
sw<3>          |segment<5>     |   22.204|
sw<3>          |segment<6>     |   21.905|
sw<4>          |led<0>         |   11.348|
sw<4>          |led<1>         |   13.144|
sw<4>          |led<2>         |   12.086|
sw<4>          |led<3>         |   11.608|
sw<4>          |led<4>         |   11.014|
sw<4>          |led<5>         |   10.667|
sw<4>          |led<6>         |   11.484|
sw<4>          |led<7>         |   11.116|
sw<4>          |segment<0>     |   21.454|
sw<4>          |segment<1>     |   20.803|
sw<4>          |segment<2>     |   21.782|
sw<4>          |segment<3>     |   21.580|
sw<4>          |segment<4>     |   21.378|
sw<4>          |segment<5>     |   21.390|
sw<4>          |segment<6>     |   21.091|
sw<5>          |led<1>         |   13.415|
sw<5>          |led<2>         |   12.357|
sw<5>          |led<3>         |   11.879|
sw<5>          |led<4>         |   11.285|
sw<5>          |led<5>         |   10.938|
sw<5>          |led<6>         |   11.755|
sw<5>          |led<7>         |   11.387|
sw<5>          |segment<0>     |   21.725|
sw<5>          |segment<1>     |   21.074|
sw<5>          |segment<2>     |   22.053|
sw<5>          |segment<3>     |   21.851|
sw<5>          |segment<4>     |   21.649|
sw<5>          |segment<5>     |   21.661|
sw<5>          |segment<6>     |   21.362|
sw<6>          |led<2>         |   12.597|
sw<6>          |led<3>         |   12.119|
sw<6>          |led<4>         |   11.525|
sw<6>          |led<5>         |   11.178|
sw<6>          |led<6>         |   11.995|
sw<6>          |led<7>         |   11.627|
sw<6>          |segment<0>     |   21.965|
sw<6>          |segment<1>     |   21.314|
sw<6>          |segment<2>     |   22.293|
sw<6>          |segment<3>     |   22.091|
sw<6>          |segment<4>     |   21.889|
sw<6>          |segment<5>     |   21.901|
sw<6>          |segment<6>     |   21.602|
sw<7>          |led<3>         |   13.135|
sw<7>          |led<4>         |   12.541|
sw<7>          |led<5>         |   12.194|
sw<7>          |led<6>         |   13.011|
sw<7>          |led<7>         |   12.643|
sw<7>          |segment<0>     |   22.981|
sw<7>          |segment<1>     |   22.330|
sw<7>          |segment<2>     |   23.309|
sw<7>          |segment<3>     |   23.107|
sw<7>          |segment<4>     |   22.905|
sw<7>          |segment<5>     |   22.917|
sw<7>          |segment<6>     |   22.618|
---------------+---------------+---------+


Analysis completed Wed Apr 14 22:21:16 2021 
--------------------------------------------------------------------------------

Trace Settings:
-------------------------
Trace Settings 

Peak Memory Usage: 4503 MB



