Release 14.7 - xst P.20131013 (nt64)
Copyright (c) 1995-2013 Xilinx, Inc.  All rights reserved.
--> Parameter TMPDIR set to xst/projnav.tmp


Total REAL time to Xst completion: 0.00 secs
Total CPU time to Xst completion: 0.09 secs
 
--> Parameter xsthdpdir set to xst


Total REAL time to Xst completion: 0.00 secs
Total CPU time to Xst completion: 0.09 secs
 
--> Reading design: Calculator.prj

TABLE OF CONTENTS
  1) Synthesis Options Summary
  2) HDL Compilation
  3) Design Hierarchy Analysis
  4) HDL Analysis
  5) HDL Synthesis
     5.1) HDL Synthesis Report
  6) Advanced HDL Synthesis
     6.1) Advanced HDL Synthesis Report
  7) Low Level Synthesis
  8) Partition Report
  9) Final Report
	9.1) Device utilization summary
	9.2) Partition Resource Summary
	9.3) TIMING REPORT


=========================================================================
*                      Synthesis Options Summary                        *
=========================================================================
---- Source Parameters
Input File Name                    : "Calculator.prj"
Input Format                       : mixed
Ignore Synthesis Constraint File   : NO

---- Target Parameters
Output File Name                   : "Calculator"
Output Format                      : NGC
Target Device                      : xc3s100e-5-cp132

---- Source Options
Top Module Name                    : Calculator
Automatic FSM Extraction           : YES
FSM Encoding Algorithm             : Auto
Safe Implementation                : No
FSM Style                          : LUT
RAM Extraction                     : Yes
RAM Style                          : Auto
ROM Extraction                     : Yes
Mux Style                          : Auto
Decoder Extraction                 : YES
Priority Encoder Extraction        : Yes
Shift Register Extraction          : YES
Logical Shifter Extraction         : YES
XOR Collapsing                     : YES
ROM Style                          : Auto
Mux Extraction                     : Yes
Resource Sharing                   : YES
Asynchronous To Synchronous        : NO
Multiplier Style                   : Auto
Automatic Register Balancing       : No

---- Target Options
Add IO Buffers                     : YES
Global Maximum Fanout              : 100000
Add Generic Clock Buffer(BUFG)     : 24
Register Duplication               : YES
Slice Packing                      : YES
Optimize Instantiated Primitives   : NO
Use Clock Enable                   : Yes
Use Synchronous Set                : Yes
Use Synchronous Reset              : Yes
Pack IO Registers into IOBs        : Auto
Equivalent register Removal        : YES

---- General Options
Optimization Goal                  : Speed
Optimization Effort                : 1
Keep Hierarchy                     : No
Netlist Hierarchy                  : As_Optimized
RTL Output                         : Yes
Global Optimization                : AllClockNets
Read Cores                         : YES
Write Timing Constraints           : NO
Cross Clock Analysis               : NO
Hierarchy Separator                : /
Bus Delimiter                      : <>
Case Specifier                     : Maintain
Slice Utilization Ratio            : 100
BRAM Utilization Ratio             : 100
Verilog 2001                       : YES
Auto BRAM Packing                  : NO
Slice Utilization Ratio Delta      : 5

=========================================================================


=========================================================================
*                          HDL Compilation                              *
=========================================================================
Compiling verilog file "Division.v" in library work
Compiling verilog file "Calculator.v" in library work
Module <Division> compiled
Module <Calculator> compiled
No errors in compilation
Analysis of file <"Calculator.prj"> succeeded.
 

=========================================================================
*                     Design Hierarchy Analysis                         *
=========================================================================
Analyzing hierarchy for module <Calculator> in library <work>.

Analyzing hierarchy for module <Division> in library <work>.


=========================================================================
*                            HDL Analysis                               *
=========================================================================
Analyzing top module <Calculator>.
Module <Calculator> is correct for synthesis.
 
Analyzing module <Division> in library <work>.
Module <Division> is correct for synthesis.
 

=========================================================================
*                           HDL Synthesis                               *
=========================================================================

Performing bidirectional port resolution...
INFO:Xst:2679 - Register <i> in unit <Division> has a constant value of 100 during circuit operation. The register is replaced by logic.

Synthesizing Unit <Division>.
    Related source file is "Division.v".
WARNING:Xst:646 - Signal <b1> is assigned but never used. This unconnected signal will be trimmed during the optimization process.
WARNING:Xst:646 - Signal <a1> is assigned but never used. This unconnected signal will be trimmed during the optimization process.
WARNING:Xst:646 - Signal <A> is assigned but never used. This unconnected signal will be trimmed during the optimization process.
WARNING:Xst:737 - Found 8-bit latch for signal <Reminder>. Latches may be generated from incomplete case or if statements. We do not recommend the use of latches in FPGA/CPLD designs, as they may lead to timing problems.
    Found 4-bit adder for signal <old_A_12$addsub0000> created at line 52.
    Found 4-bit adder for signal <old_A_3$addsub0000> created at line 52.
    Found 4-bit adder for signal <old_A_6$addsub0000> created at line 52.
    Found 4-bit adder for signal <old_A_9$addsub0000> created at line 52.
    Summary:
	inferred   8 Adder/Subtractor(s).
Unit <Division> synthesized.


Synthesizing Unit <Calculator>.
    Related source file is "Calculator.v".
WARNING:Xst:646 - Signal <Reminder> is assigned but never used. This unconnected signal will be trimmed during the optimization process.
    Found 4-bit adder carry out for signal <addition$addsub0000> created at line 38.
    Found 4x4-bit multiplier for signal <multiplication>.
    Found 6-bit subtractor for signal <substraction$sub0000> created at line 39.
    Summary:
	inferred   2 Adder/Subtractor(s).
	inferred   1 Multiplier(s).
Unit <Calculator> synthesized.


=========================================================================
HDL Synthesis Report

Macro Statistics
# Multipliers                                          : 1
 4x4-bit multiplier                                    : 1
# Adders/Subtractors                                   : 10
 4-bit adder                                           : 4
 4-bit adder carry out                                 : 1
 4-bit subtractor                                      : 4
 6-bit subtractor                                      : 1
# Latches                                              : 1
 8-bit latch                                           : 1

=========================================================================

=========================================================================
*                       Advanced HDL Synthesis                          *
=========================================================================


=========================================================================
Advanced HDL Synthesis Report

Macro Statistics
# Multipliers                                          : 1
 4x4-bit multiplier                                    : 1
# Adders/Subtractors                                   : 10
 3-bit adder                                           : 3
 4-bit adder                                           : 1
 4-bit adder carry out                                 : 1
 4-bit subtractor                                      : 4
 6-bit subtractor                                      : 1
# Latches                                              : 1
 8-bit latch                                           : 1

=========================================================================

=========================================================================
*                         Low Level Synthesis                           *
=========================================================================
INFO:Xst:2261 - The FF/Latch <7> in Unit <LPM_LATCH_1> is equivalent to the following 3 FFs/Latches, which will be removed : <6> <5> <4> 
WARNING:Xst:1293 - FF/Latch <7> has a constant value of 0 in block <LPM_LATCH_1>. This FF/Latch will be trimmed during the optimization process.

Optimizing unit <Calculator> ...

Optimizing unit <Division> ...
WARNING:Xst:2677 - Node <b1/Reminder_3> of sequential type is unconnected in block <Calculator>.
WARNING:Xst:2677 - Node <b1/Reminder_2> of sequential type is unconnected in block <Calculator>.
WARNING:Xst:2677 - Node <b1/Reminder_1> of sequential type is unconnected in block <Calculator>.
WARNING:Xst:2677 - Node <b1/Reminder_0> of sequential type is unconnected in block <Calculator>.

Mapping all equations...
Building and optimizing final netlist ...
Found area constraint ratio of 100 (+ 5) on block Calculator, actual ratio is 5.

Final Macro Processing ...

=========================================================================
Final Register Report

Found no macro
=========================================================================

=========================================================================
*                           Partition Report                            *
=========================================================================

Partition Implementation Status
-------------------------------

  No Partitions were found in this design.

-------------------------------

=========================================================================
*                            Final Report                               *
=========================================================================
Final Results
RTL Top Level Output File Name     : Calculator.ngr
Top Level Output File Name         : Calculator
Output Format                      : NGC
Optimization Goal                  : Speed
Keep Hierarchy                     : No

Design Statistics
# IOs                              : 18

Cell Usage :
# BELS                             : 65
#      GND                         : 1
#      LUT2                        : 6
#      LUT3                        : 15
#      LUT4                        : 35
#      MUXF5                       : 8
# IO Buffers                       : 18
#      IBUF                        : 10
#      OBUF                        : 8
# MULTs                            : 1
#      MULT18X18SIO                : 1
=========================================================================

Device utilization summary:
---------------------------

Selected Device : 3s100ecp132-5 

 Number of Slices:                       31  out of    960     3%  
 Number of 4 input LUTs:                 56  out of   1920     2%  
 Number of IOs:                          18
 Number of bonded IOBs:                  18  out of     83    21%  
 Number of MULT18X18SIOs:                 1  out of      4    25%  

---------------------------
Partition Resource Summary:
---------------------------

  No Partitions were found in this design.

---------------------------


=========================================================================
TIMING REPORT

NOTE: THESE TIMING NUMBERS ARE ONLY A SYNTHESIS ESTIMATE.
      FOR ACCURATE TIMING INFORMATION PLEASE REFER TO THE TRACE REPORT
      GENERATED AFTER PLACE-and-ROUTE.

Clock Information:
------------------
No clock signals found in this design

Asynchronous Control Signals Information:
----------------------------------------
No asynchronous control signals found in this design

Timing Summary:
---------------
Speed Grade: -5

   Minimum period: No path found
   Minimum input arrival time before clock: No path found
   Maximum output required time after clock: No path found
   Maximum combinational path delay: 18.836ns

Timing Detail:
--------------
All values displayed in nanoseconds (ns)

=========================================================================
Timing constraint: Default path analysis
  Total number of paths / destination ports: 1255 / 8
-------------------------------------------------------------------------
Delay:               18.836ns (Levels of Logic = 17)
  Source:            sw<2> (PAD)
  Destination:       led<0> (PAD)

  Data Path: sw<2> to led<0>
                                Gate     Net
    Cell:in->out      fanout   Delay   Delay  Logical Name (Net Name)
    ----------------------------------------  ------------
     IBUF:I->O            18   1.106   1.060  sw_2_IBUF (sw_2_IBUF)
     LUT3:I0->O            1   0.612   0.000  b1/Msub__old_A_2_xor<3>111 (b1/Msub__old_A_2_xor<3>11)
     MUXF5:I1->O           3   0.278   0.481  b1/Msub__old_A_2_xor<3>11_f5 (b1/_old_A_2<3>)
     LUT3:I2->O            2   0.612   0.410  b1/_old_A_3<0>1 (b1/_old_A_3<0>)
     LUT4:I2->O            2   0.612   0.410  b1/Msub__old_A_5_cy<1>11 (b1/Msub__old_A_5_cy<1>)
     LUT4:I2->O            4   0.612   0.529  b1/Msub__old_A_5_xor<3>11 (b1/_old_A_5<3>)
     LUT3:I2->O            2   0.612   0.410  b1/_old_A_6<0>1 (b1/_old_A_6<0>)
     LUT4:I2->O            2   0.612   0.410  b1/Msub__old_A_8_cy<1>11 (b1/Msub__old_A_8_cy<1>)
     LUT4:I2->O            1   0.612   0.509  b1/Msub__old_A_8_xor<3>11_SW0 (N25)
     LUT4:I0->O            5   0.612   0.607  b1/Msub__old_A_8_xor<3>11 (b1/_old_A_8<3>)
     LUT4:I1->O            1   0.612   0.000  b1/Msub__old_A_11_cy<1>112 (b1/Msub__old_A_11_cy<1>111)
     MUXF5:I0->O           1   0.278   0.387  b1/Msub__old_A_11_cy<1>11_f5 (b1/Msub__old_A_11_cy<1>)
     LUT4:I2->O            1   0.612   0.426  led<0>59_SW0 (N17)
     LUT4:I1->O            1   0.612   0.387  led<0>59 (led<0>59)
     LUT4:I2->O            1   0.612   0.000  led<0>1261 (led<0>126)
     MUXF5:I1->O           1   0.278   0.357  led<0>126_f5 (led_0_OBUF)
     OBUF:I->O                 3.169          led_0_OBUF (led<0>)
    ----------------------------------------
    Total                     18.836ns (12.453ns logic, 6.383ns route)
                                       (66.1% logic, 33.9% route)

=========================================================================


Total REAL time to Xst completion: 4.00 secs
Total CPU time to Xst completion: 4.59 secs
 
--> 

Total memory usage is 4513656 kilobytes

Number of errors   :    0 (   0 filtered)
Number of warnings :   10 (   0 filtered)
Number of infos    :    2 (   0 filtered)

