ISim log file
Running: /home/ise/Xilinx/Calculator/Calculator/calculator_tb_isim_beh.exe -intstyle ise -gui -tclbatch isim.cmd -wdb /home/ise/Xilinx/Calculator/Calculator/calculator_tb_isim_beh.wdb 
ISim P.20131013 (signature 0xfbc00daa)
----------------------------------------------------------------------
WARNING:Security:42 - Your software subscription period has lapsed. Your current version of Xilinx tools will continue to function, but you no longer qualify for Xilinx software updates or new releases.


----------------------------------------------------------------------
This is a Full version of ISim.
WARNING: File "/home/ise/Xilinx/Calculator/Calculator/Calculator.v" Line 26.  For instance uut/b5/, width 4 of formal port numberbox is not equal to width 7 of actual signal an.
Time resolution is 1 ps
# onerror resume
# wave add /
# run 1000 ns
Simulator is doing circuit initialization process.
Finished circuit initialization process.
power1 =  3 power =  3
State =  1
State =  2
State =  3
State =  4
State =  5
State =  6
State =  7
State =  0
State =  1
State =  2
State =  3
State =  4
# exit 0
