Release 14.7 - WebTalk (P.20131013)
Copyright (c) 1995-2010 Xilinx, Inc.  All rights reserved.

Project Information
--------------------
<<<<<<< HEAD
<<<<<<< HEAD
ProjectID=f5f8152cab264f22984c1764c4a4fa4d
=======
ProjectID=75747977826c431088df356de6e9dda8
>>>>>>> sevsegmentdisplay
=======
ProjectID=e0df8db76a774250be99f2742e21c34a
>>>>>>> sevsegmentdisplay
ProjectIteration=1

WebTalk Summary
----------------
INFO:WebTalk:2 - WebTalk is enabled.

INFO:WebTalk:8 - WebTalk Install setting is ON.
INFO:WebTalk:6 - WebTalk User setting is ON.

INFO:WebTalk:5 - C:/Users/User/dev/Calculator/Calculator/usage_statistics_webtalk.html WebTalk report has not been sent to Xilinx.  Please check your network and proxy settings.  For additional details about this file, please refer to the WebTalk help file at C:/Xilinx/14.7/ISE_DS/ISE/data/reports/webtalk_introduction.html
