Command line:
   four_bit_adder_substractor_tb_isim_beh.exe
     -simmode  gui
     -simrunnum  0
     -socket  55768

Thu Apr 15 13:22:57 2021


 Elaboration Time: 0.0625 sec

 Current Memory Usage: 5149.92 Meg

 Total Signals          : 40
 Total Nets             : 43
 Total Signal Drivers   : 27
 Total Blocks           : 7
 Total Primitive Blocks : 5
 Total Processes        : 43
 Total Traceable Variables  : 33
 Total Scalar Nets and Variables : 153
Total Line Count : 58

 Total Simulation Time: 0.140625 sec

 Current Memory Usage: 5464.49 Meg

Thu Apr 15 13:23:27 2021

