Command line:
   binary_to_BCD_tb_isim_beh.exe
     -simmode  gui
     -simrunnum  0
     -socket  63653

Wed Apr 14 20:43:20 2021


 Elaboration Time: 0.03125 sec

 Current Memory Usage: 5149.94 Meg

 Total Signals          : 17
 Total Nets             : 33
 Total Signal Drivers   : 9
 Total Blocks           : 3
 Total Primitive Blocks : 2
 Total Processes        : 12
 Total Traceable Variables  : 24
 Total Scalar Nets and Variables : 185
Total Line Count : 37

 Total Simulation Time: 0.109375 sec

 Current Memory Usage: 4992.65 Meg

Wed Apr 14 20:44:52 2021

