Command line:
   multiplication_tb_isim_beh.exe
     -simmode  gui
     -simrunnum  0
     -socket  60388

Sun Apr 18 21:49:14 2021


 Elaboration Time: 0.015625 sec

 Current Memory Usage: 5149.91 Meg

 Total Signals          : 17
 Total Nets             : 30
 Total Signal Drivers   : 9
 Total Blocks           : 3
 Total Primitive Blocks : 2
 Total Processes        : 13
 Total Traceable Variables  : 26
 Total Scalar Nets and Variables : 175
Total Line Count : 43

 Total Simulation Time: 0.015625 sec

 Current Memory Usage: 4678.05 Meg

Sun Apr 18 21:51:29 2021

