Command line:
   halfadder_tb_isim_beh.exe
     -simmode  gui
     -simrunnum  0
     -socket  49949

Thu Apr 01 07:05:57 2021


 Elaboration Time: 0.015625 sec

 Current Memory Usage: 5149.98 Meg

 Total Signals          : 18
 Total Nets             : 18
 Total Signal Drivers   : 10
 Total Blocks           : 3
 Total Primitive Blocks : 2
 Total Processes        : 16
 Total Traceable Variables  : 23
 Total Scalar Nets and Variables : 103
Total Line Count : 36

 Total Simulation Time: 0.578125 sec

 Current Memory Usage: 4992.69 Meg

Thu Apr 01 07:08:01 2021

