Command line:
   squareroot_tb_isim_beh.exe
     -simmode  gui
     -simrunnum  0
     -socket  62066

Sun Apr 18 16:28:10 2021


 Elaboration Time: 0.03125 sec

 Current Memory Usage: 5149.96 Meg

 Total Signals          : 17
 Total Nets             : 30
 Total Signal Drivers   : 9
 Total Blocks           : 3
 Total Primitive Blocks : 2
 Total Processes        : 13
 Total Traceable Variables  : 27
 Total Scalar Nets and Variables : 185
Total Line Count : 43

 Total Simulation Time: 0.046875 sec

 Current Memory Usage: 4678.1 Meg

Sun Apr 18 18:30:55 2021

