Command line:
   power_root2_tb_isim_beh.exe
     -simmode  gui
     -simrunnum  0
     -socket  53747

Sat Apr 24 15:10:53 2021


 Elaboration Time: 0.015625 sec

 Current Memory Usage: 5149.96 Meg

 Total Signals          : 16
 Total Nets             : 25
 Total Signal Drivers   : 7
 Total Blocks           : 3
 Total Primitive Blocks : 2
 Total Processes        : 10
 Total Traceable Variables  : 20
 Total Scalar Nets and Variables : 117
Total Line Count : 28

 Total Simulation Time: 0.015625 sec

 Current Memory Usage: 4678.1 Meg

Sat Apr 24 15:13:15 2021

